2025-03-14 20:07:16,210 [Evaluate    ] INFO     Loading default agent to memory...
2025-03-14 20:07:16,211 [GameBoard   ] DEBUG    Initializing a new game board...
2025-03-14 20:07:16,211 [GameBoard   ] DEBUG    Rendered board: 
//E1E9
2025-03-14 20:07:16,211 [GameBoard   ] DEBUG    
   . . . . . . . . . . . . . . . . . .
8 :   ·   ·   ·   · B ·   ·   ·   ·   ·
   . . . . . . . . . . . . . . . . . .
7 :   ·   ·   ·   ·   ·   ·   ·   ·   ·
   . . . . . . . . . . . . . . . . . .
6 :   ·   ·   ·   ·   ·   ·   ·   ·   ·
   . . . . . . . . . . . . . . . . . .
5 :   ·   ·   ·   ·   ·   ·   ·   ·   ·
   . . . . . . . . . . . . . . . . . .
4 :   ·   ·   ·   ·   ·   ·   ·   ·   ·
   . . . . . . . . . . . . . . . . . .
3 :   ·   ·   ·   ·   ·   ·   ·   ·   ·
   . . . . . . . . . . . . . . . . . .
2 :   ·   ·   ·   ·   ·   ·   ·   ·   ·
   . . . . . . . . . . . . . . . . . .
1 :   ·   ·   ·   ·   ·   ·   ·   ·   ·
   . . . . . . . . . . . . . . . . . .
0 :   ·   ·   ·   · W ·   ·   ·   ·   ·
   ··· ··· ··· ··· ··· ··· ··· ··· ···
    0   1   2   3   4   5   6   7   8 
2025-03-14 20:07:16,211 [GameBoard   ] DEBUG    You're player white
2025-03-14 20:07:16,211 [GameBoard   ] DEBUG    After moving initial position: 
//D1A9
2025-03-14 20:07:16,211 [GameBoard   ] DEBUG    
   . . . . . . . . . . . . . . . . . .
8 : B ·   ·   ·   ·   ·   ·   ·   ·   ·
   . . . . . . . . . . . . . . . . . .
7 :   ·   ·   ·   ·   ·   ·   ·   ·   ·
   . . . . . . . . . . . . . . . . . .
6 :   ·   ·   ·   ·   ·   ·   ·   ·   ·
   . . . . . . . . . . . . . . . . . .
5 :   ·   ·   ·   ·   ·   ·   ·   ·   ·
   . . . . . . . . . . . . . . . . . .
4 :   ·   ·   ·   ·   ·   ·   ·   ·   ·
   . . . . . . . . . . . . . . . . . .
3 :   ·   ·   ·   ·   ·   ·   ·   ·   ·
   . . . . . . . . . . . . . . . . . .
2 :   ·   ·   ·   ·   ·   ·   ·   ·   ·
   . . . . . . . . . . . . . . . . . .
1 :   ·   ·   ·   ·   ·   ·   ·   ·   ·
   . . . . . . . . . . . . . . . . . .
0 :   ·   ·   · W ·   ·   ·   ·   ·   ·
   ··· ··· ··· ··· ··· ··· ··· ··· ···
    0   1   2   3   4   5   6   7   8 
2025-03-14 20:07:16,212 [GameBoard   ] DEBUG    State has been set as follows: 
F2G1G3/B8C8D5F8G8/F1D9
2025-03-14 20:07:16,212 [GameBoard   ] DEBUG    
   . . . . . . . . . . . . . . . . . .
8 :   ·   |   | B ·   ·   |   |   ·   ·
   . . . .*. .*. . . . . .*. .*. . . .
7 :   ·   |   |   ·   ·   |   |   ·   ·
   . . . . . . . . . . . . . . . . . .
6 :   ·   ·   ·   ·   ·   ·   ·   ·   ·
   . . . . . . . . . . . . . . . . . .
5 :   ·   ·   ·   |   ·   ·   ·   ·   ·
   . . . . . . . .*. . . . . . . . . .
4 :   ·   ·   ·   |   ·   ·   ·   ·   ·
   . . . . . . . . . . . . . . . . . .
3 :   ·   ·   ·   ·   ·   ·   ·   ·   ·
   . . . . . . . . . . . . ---*--- . .
2 :   ·   ·   ·   ·   ·   ·   ·   ·   ·
   . . . . . . . . . . ---*--- . . . .
1 :   ·   ·   ·   ·   ·   ·   ·   ·   ·
   . . . . . . . . . . . . ---*--- . .
0 :   ·   ·   ·   ·   · W ·   ·   ·   ·
   ··· ··· ··· ··· ··· ··· ··· ··· ···
    0   1   2   3   4   5   6   7   8 
2025-03-14 20:07:16,212 [Evaluate    ] INFO     Begin to search using default agent.
2025-03-14 20:07:16,314 [GameBoard   ] DEBUG    State has been set as follows: 
F2G1G3/B8C8D5F8G8/F1D9
2025-03-14 20:07:16,314 [GameBoard   ] DEBUG    
   . . . . . . . . . . . . . . . . . .
8 :   ·   |   | B ·   ·   |   |   ·   ·
   . . . .*. .*. . . . . .*. .*. . . .
7 :   ·   |   |   ·   ·   |   |   ·   ·
   . . . . . . . . . . . . . . . . . .
6 :   ·   ·   ·   ·   ·   ·   ·   ·   ·
   . . . . . . . . . . . . . . . . . .
5 :   ·   ·   ·   |   ·   ·   ·   ·   ·
   . . . . . . . .*. . . . . . . . . .
4 :   ·   ·   ·   |   ·   ·   ·   ·   ·
   . . . . . . . . . . . . . . . . . .
3 :   ·   ·   ·   ·   ·   ·   ·   ·   ·
   . . . . . . . . . . . . ---*--- . .
2 :   ·   ·   ·   ·   ·   ·   ·   ·   ·
   . . . . . . . . . . ---*--- . . . .
1 :   ·   ·   ·   ·   ·   ·   ·   ·   ·
   . . . . . . . . . . . . ---*--- . .
0 :   ·   ·   ·   ·   · W ·   ·   ·   ·
   ··· ··· ··· ··· ··· ··· ··· ··· ···
    0   1   2   3   4   5   6   7   8 
2025-03-14 20:07:16,314 [GameBoard   ] DEBUG    ------- SIMULATION START: () -------
2025-03-14 20:07:16,314 [GameBoard   ] DEBUG    State has been set as follows: 
F2G1G3/B8C8D5F8G8/F1D9
2025-03-14 20:07:16,315 [GameBoard   ] DEBUG    
   . . . . . . . . . . . . . . . . . .
8 :   ·   |   | B ·   ·   |   |   ·   ·
   . . . .*. .*. . . . . .*. .*. . . .
7 :   ·   |   |   ·   ·   |   |   ·   ·
   . . . . . . . . . . . . . . . . . .
6 :   ·   ·   ·   ·   ·   ·   ·   ·   ·
   . . . . . . . . . . . . . . . . . .
5 :   ·   ·   ·   |   ·   ·   ·   ·   ·
   . . . . . . . .*. . . . . . . . . .
4 :   ·   ·   ·   |   ·   ·   ·   ·   ·
   . . . . . . . . . . . . . . . . . .
3 :   ·   ·   ·   ·   ·   ·   ·   ·   ·
   . . . . . . . . . . . . ---*--- . .
2 :   ·   ·   ·   ·   ·   ·   ·   ·   ·
   . . . . . . . . . . ---*--- . . . .
1 :   ·   ·   ·   ·   ·   ·   ·   ·   ·
   . . . . . . . . . . . . ---*--- . .
0 :   ·   ·   ·   ·   · W ·   ·   ·   ·
   ··· ··· ··· ··· ··· ··· ··· ··· ···
    0   1   2   3   4   5   6   7   8 
2025-03-14 20:07:16,315 [GameBoard   ] DEBUG    State has been changed to: 
F2G1G3/B8C8D5F8G8/F1D9
2025-03-14 20:07:16,315 [GameBoard   ] DEBUG    
   . . . . . . . . . . . . . . . . . .
8 :   ·   |   | B ·   ·   |   |   ·   ·
   . . . .*. .*. . . . . .*. .*. . . .
7 :   ·   |   |   ·   ·   |   |   ·   ·
   . . . . . . . . . . . . . . . . . .
6 :   ·   ·   ·   ·   ·   ·   ·   ·   ·
   . . . . . . . . . . . . . . . . . .
5 :   ·   ·   ·   |   ·   ·   ·   ·   ·
   . . . . . . . .*. . . . . . . . . .
4 :   ·   ·   ·   |   ·   ·   ·   ·   ·
   . . . . . . . . . . . . . . . . . .
3 :   ·   ·   ·   ·   ·   ·   ·   ·   ·
   . . . . . . . . . . . . ---*--- . .
2 :   ·   ·   ·   ·   ·   ·   ·   ·   ·
   . . . . . . . . . . ---*--- . . . .
1 :   ·   ·   ·   ·   ·   ·   ·   ·   ·
   . . . . . . . . . . . . ---*--- . .
0 :   ·   ·   ·   ·   · W ·   ·   ·   ·
   ··· ··· ··· ··· ··· ··· ··· ··· ···
    0   1   2   3   4   5   6   7   8 
2025-03-14 20:07:16,315 [GameBoard   ] DEBUG    ------- SIMULATION ENDS -------
2025-03-14 20:07:16,315 [GameBoard   ] DEBUG    Querying whether the game ends in this state... Answer = False
2025-03-14 20:07:16,315 [Evaluate    ] DEBUG    Execution Result: Performance(failure=None, outcome=inf, time=0.10188579559326172, search=None, memory=0.03125, point=1).
